This is pdfTeX, Version 3.14159265-2.6-1.40.16 (TeX Live 2015/Debian) (preloaded format=pdflatex 2016.5.11)  16 JUL 2016 18:44
entering extended mode
 \write18 enabled.
 %&-line parsing enabled.
**CV-en.tex
(./CV-en.tex
LaTeX2e <2016/02/01>
Babel <3.9q> and hyphenation patterns for 81 language(s) loaded.
(/usr/share/texlive/texmf-dist/tex/latex/base/article.cls
Document Class: article 2014/09/29 v1.4h Standard LaTeX document class
(/usr/share/texlive/texmf-dist/tex/latex/base/size10.clo
File: size10.clo 2014/09/29 v1.4h Standard LaTeX file (size option)
)
\c@part=\count79
\c@section=\count80
\c@subsection=\count81
\c@subsubsection=\count82
\c@paragraph=\count83
\c@subparagraph=\count84
\c@figure=\count85
\c@table=\count86
\abovecaptionskip=\skip41
\belowcaptionskip=\skip42
\bibindent=\dimen102
)
(/usr/share/texlive/texmf-dist/tex/generic/babel/babel.sty
Package: babel 2016/02/24 3.9q The Babel package

(/usr/share/texlive/texmf-dist/tex/generic/babel-english/english.ldf
Language: english 2012/08/20 v3.3p English support from the babel system

(/usr/share/texlive/texmf-dist/tex/generic/babel/babel.def
File: babel.def 2016/02/24 3.9q Babel common definitions
\babel@savecnt=\count87
\U@D=\dimen103
)
\l@canadian = a dialect from \language\l@american 
\l@australian = a dialect from \language\l@british 
\l@newzealand = a dialect from \language\l@british 
))
(/usr/share/texlive/texmf-dist/tex/latex/base/inputenc.sty
Package: inputenc 2015/03/17 v1.2c Input encoding file
\inpenc@prehook=\toks14
\inpenc@posthook=\toks15

(/usr/share/texlive/texmf-dist/tex/latex/ucs/utf8x.def
File: utf8x.def 2004/10/17 UCS: Input encoding UTF-8
))
(/usr/share/texlive/texmf-dist/tex/latex/ucs/ucs.sty
Package: ucs 2013/05/11 v2.2 UCS: Unicode input support

(/usr/share/texlive/texmf-dist/tex/latex/ucs/data/uni-global.def
File: uni-global.def 2013/05/13 UCS: Unicode global data
)
\uc@secondtry=\count88
\uc@combtoks=\toks16
\uc@combtoksb=\toks17
\uc@temptokena=\toks18
)
(/usr/share/texlive/texmf-dist/tex/latex/microtype/microtype.sty
Package: microtype 2013/05/23 v2.5a Micro-typographical refinements (RS)

(/usr/share/texlive/texmf-dist/tex/latex/graphics/keyval.sty
Package: keyval 2014/10/28 v1.15 key=value parser (DPC)
\KV@toks@=\toks19
)
\MT@toks=\toks20
\MT@count=\count89
LaTeX Info: Redefining \textls on input line 766.
\MT@outer@kern=\dimen104
LaTeX Info: Redefining \textmicrotypecontext on input line 1285.
\MT@listname@count=\count90

(/usr/share/texlive/texmf-dist/tex/latex/microtype/microtype-pdftex.def
File: microtype-pdftex.def 2013/05/23 v2.5a Definitions specific to pdftex (RS)

LaTeX Info: Redefining \lsstyle on input line 915.
LaTeX Info: Redefining \lslig on input line 915.
\MT@outer@space=\skip43
)
Package microtype Info: Loading configuration file microtype.cfg.

(/usr/share/texlive/texmf-dist/tex/latex/microtype/microtype.cfg
File: microtype.cfg 2013/05/23 v2.5a microtype main configuration file (RS)
))
(/usr/share/texlive/texmf-dist/tex/latex/amsmath/amsmath.sty
Package: amsmath 2016/03/03 v2.15a AMS math features
\@mathmargin=\skip44

For additional information on amsmath, use the `?' option.
(/usr/share/texlive/texmf-dist/tex/latex/amsmath/amstext.sty
Package: amstext 2000/06/29 v2.01 AMS text

(/usr/share/texlive/texmf-dist/tex/latex/amsmath/amsgen.sty
File: amsgen.sty 1999/11/30 v2.0 generic functions
\@emptytoks=\toks21
\ex@=\dimen105
))
(/usr/share/texlive/texmf-dist/tex/latex/amsmath/amsbsy.sty
Package: amsbsy 1999/11/29 v1.2d Bold Symbols
\pmbraise@=\dimen106
)
(/usr/share/texlive/texmf-dist/tex/latex/amsmath/amsopn.sty
Package: amsopn 1999/12/14 v2.01 operator names
)
\inf@bad=\count91
LaTeX Info: Redefining \frac on input line 199.
\uproot@=\count92
\leftroot@=\count93
LaTeX Info: Redefining \overline on input line 297.
\classnum@=\count94
\DOTSCASE@=\count95
LaTeX Info: Redefining \ldots on input line 394.
LaTeX Info: Redefining \dots on input line 397.
LaTeX Info: Redefining \cdots on input line 518.
\Mathstrutbox@=\box26
\strutbox@=\box27
\big@size=\dimen107
LaTeX Font Info:    Redeclaring font encoding OML on input line 630.
LaTeX Font Info:    Redeclaring font encoding OMS on input line 631.
\macc@depth=\count96
\c@MaxMatrixCols=\count97
\dotsspace@=\muskip10
\c@parentequation=\count98
\dspbrk@lvl=\count99
\tag@help=\toks22
\row@=\count100
\column@=\count101
\maxfields@=\count102
\andhelp@=\toks23
\eqnshift@=\dimen108
\alignsep@=\dimen109
\tagshift@=\dimen110
\tagwidth@=\dimen111
\totwidth@=\dimen112
\lineht@=\dimen113
\@envbody=\toks24
\multlinegap=\skip45
\multlinetaggap=\skip46
\mathdisplay@stack=\toks25
LaTeX Info: Redefining \[ on input line 2735.
LaTeX Info: Redefining \] on input line 2736.
)
(/usr/share/texlive/texmf-dist/tex/latex/amsfonts/amsfonts.sty
Package: amsfonts 2013/01/14 v3.01 Basic AMSFonts support
\symAMSa=\mathgroup4
\symAMSb=\mathgroup5
LaTeX Font Info:    Overwriting math alphabet `\mathfrak' in version `bold'
(Font)                  U/euf/m/n --> U/euf/b/n on input line 106.
)
(/usr/share/texlive/texmf-dist/tex/latex/amscls/amsthm.sty
Package: amsthm 2015/03/04 v2.20.2
\thm@style=\toks26
\thm@bodyfont=\toks27
\thm@headfont=\toks28
\thm@notefont=\toks29
\thm@headpunct=\toks30
\thm@preskip=\skip47
\thm@postskip=\skip48
\thm@headsep=\skip49
\dth@everypar=\toks31
)
(/usr/share/texlive/texmf-dist/tex/latex/graphics/graphicx.sty
Package: graphicx 2014/10/28 v1.0g Enhanced LaTeX Graphics (DPC,SPQR)

(/usr/share/texlive/texmf-dist/tex/latex/graphics/graphics.sty
Package: graphics 2016/01/03 v1.0q Standard LaTeX Graphics (DPC,SPQR)

(/usr/share/texlive/texmf-dist/tex/latex/graphics/trig.sty
Package: trig 2016/01/03 v1.10 sin cos tan (DPC)
)
(/usr/share/texlive/texmf-dist/tex/latex/latexconfig/graphics.cfg
File: graphics.cfg 2010/04/23 v1.9 graphics configuration of TeX Live
)
Package graphics Info: Driver file: pdftex.def on input line 95.

(/usr/share/texlive/texmf-dist/tex/latex/pdftex-def/pdftex.def
File: pdftex.def 2011/05/27 v0.06d Graphics/color for pdfTeX

(/usr/share/texlive/texmf-dist/tex/generic/oberdiek/infwarerr.sty
Package: infwarerr 2010/04/08 v1.3 Providing info/warning/error messages (HO)
)
(/usr/share/texlive/texmf-dist/tex/generic/oberdiek/ltxcmds.sty
Package: ltxcmds 2011/11/09 v1.22 LaTeX kernel commands for general use (HO)
)
\Gread@gobject=\count103
))
\Gin@req@height=\dimen114
\Gin@req@width=\dimen115
)
(/usr/share/texlive/texmf-dist/tex/latex/xcolor/xcolor.sty
Package: xcolor 2007/01/21 v2.11 LaTeX color extensions (UK)

(/usr/share/texlive/texmf-dist/tex/latex/latexconfig/color.cfg
File: color.cfg 2007/01/18 v1.5 color configuration of teTeX/TeXLive
)
Package xcolor Info: Driver file: pdftex.def on input line 225.
Package xcolor Info: Model `cmy' substituted by `cmy0' on input line 1337.
Package xcolor Info: Model `hsb' substituted by `rgb' on input line 1341.
Package xcolor Info: Model `RGB' extended on input line 1353.
Package xcolor Info: Model `HTML' substituted by `rgb' on input line 1355.
Package xcolor Info: Model `Hsb' substituted by `hsb' on input line 1356.
Package xcolor Info: Model `tHsb' substituted by `hsb' on input line 1357.
Package xcolor Info: Model `HSB' substituted by `hsb' on input line 1358.
Package xcolor Info: Model `Gray' substituted by `gray' on input line 1359.
Package xcolor Info: Model `wave' substituted by `hsb' on input line 1360.

(/usr/share/texlive/texmf-dist/tex/latex/xcolor/svgnam.def
File: svgnam.def 2007/01/21 v2.11 Predefined colors according to SVG 1.1 (UK)
))
(/usr/share/texlive/texmf-dist/tex/latex/geometry/geometry.sty
Package: geometry 2010/09/12 v5.6 Page Geometry

(/usr/share/texlive/texmf-dist/tex/generic/oberdiek/ifpdf.sty
Package: ifpdf 2011/01/30 v2.3 Provides the ifpdf switch (HO)
Package ifpdf Info: pdfTeX in PDF mode is detected.
)
(/usr/share/texlive/texmf-dist/tex/generic/oberdiek/ifvtex.sty
Package: ifvtex 2010/03/01 v1.5 Detect VTeX and its facilities (HO)
Package ifvtex Info: VTeX not detected.
)
(/usr/share/texlive/texmf-dist/tex/generic/ifxetex/ifxetex.sty
Package: ifxetex 2010/09/12 v0.6 Provides ifxetex conditional
)
\Gm@cnth=\count104
\Gm@cntv=\count105
\c@Gm@tempcnt=\count106
\Gm@bindingoffset=\dimen116
\Gm@wd@mp=\dimen117
\Gm@odd@mp=\dimen118
\Gm@even@mp=\dimen119
\Gm@layoutwidth=\dimen120
\Gm@layoutheight=\dimen121
\Gm@layouthoffset=\dimen122
\Gm@layoutvoffset=\dimen123
\Gm@dimlist=\toks32
)
(/usr/share/texlive/texmf-dist/tex/latex/url/url.sty
\Urlmuskip=\muskip11
Package: url 2013/09/16  ver 3.4  Verb mode for urls, etc.
)
(/usr/share/texlive/texmf-dist/tex/latex/hyperref/hyperref.sty
Package: hyperref 2012/11/06 v6.83m Hypertext links for LaTeX

(/usr/share/texlive/texmf-dist/tex/generic/oberdiek/hobsub-hyperref.sty
Package: hobsub-hyperref 2012/05/28 v1.13 Bundle oberdiek, subset hyperref (HO)


(/usr/share/texlive/texmf-dist/tex/generic/oberdiek/hobsub-generic.sty
Package: hobsub-generic 2012/05/28 v1.13 Bundle oberdiek, subset generic (HO)
Package: hobsub 2012/05/28 v1.13 Construct package bundles (HO)
Package hobsub Info: Skipping package `infwarerr' (already loaded).
Package hobsub Info: Skipping package `ltxcmds' (already loaded).
Package: ifluatex 2010/03/01 v1.3 Provides the ifluatex switch (HO)
Package ifluatex Info: LuaTeX not detected.
Package hobsub Info: Skipping package `ifvtex' (already loaded).
Package: intcalc 2007/09/27 v1.1 Expandable calculations with integers (HO)
Package hobsub Info: Skipping package `ifpdf' (already loaded).
Package: etexcmds 2011/02/16 v1.5 Avoid name clashes with e-TeX commands (HO)
Package etexcmds Info: Could not find \expanded.
(etexcmds)             That can mean that you are not using pdfTeX 1.50 or
(etexcmds)             that some package has redefined \expanded.
(etexcmds)             In the latter case, load this package earlier.
Package: kvsetkeys 2012/04/25 v1.16 Key value parser (HO)
Package: kvdefinekeys 2011/04/07 v1.3 Define keys (HO)
Package: pdftexcmds 2011/11/29 v0.20 Utility functions of pdfTeX for LuaTeX (HO
)
Package pdftexcmds Info: LuaTeX not detected.
Package pdftexcmds Info: \pdf@primitive is available.
Package pdftexcmds Info: \pdf@ifprimitive is available.
Package pdftexcmds Info: \pdfdraftmode found.
Package: pdfescape 2011/11/25 v1.13 Implements pdfTeX's escape features (HO)
Package: bigintcalc 2012/04/08 v1.3 Expandable calculations on big integers (HO
)
Package: bitset 2011/01/30 v1.1 Handle bit-vector datatype (HO)
Package: uniquecounter 2011/01/30 v1.2 Provide unlimited unique counter (HO)
)
Package hobsub Info: Skipping package `hobsub' (already loaded).
Package: letltxmacro 2010/09/02 v1.4 Let assignment for LaTeX macros (HO)
Package: hopatch 2012/05/28 v1.2 Wrapper for package hooks (HO)
Package: xcolor-patch 2011/01/30 xcolor patch
Package: atveryend 2011/06/30 v1.8 Hooks at the very end of document (HO)
Package atveryend Info: \enddocument detected (standard20110627).
Package: atbegshi 2011/10/05 v1.16 At begin shipout hook (HO)
Package: refcount 2011/10/16 v3.4 Data extraction from label references (HO)
Package: hycolor 2011/01/30 v1.7 Color options for hyperref/bookmark (HO)
)
(/usr/share/texlive/texmf-dist/tex/latex/oberdiek/auxhook.sty
Package: auxhook 2011/03/04 v1.3 Hooks for auxiliary files (HO)
)
(/usr/share/texlive/texmf-dist/tex/latex/oberdiek/kvoptions.sty
Package: kvoptions 2011/06/30 v3.11 Key value format for package options (HO)
)
\@linkdim=\dimen124
\Hy@linkcounter=\count107
\Hy@pagecounter=\count108

(/usr/share/texlive/texmf-dist/tex/latex/hyperref/pd1enc.def
File: pd1enc.def 2012/11/06 v6.83m Hyperref: PDFDocEncoding definition (HO)
)
\Hy@SavedSpaceFactor=\count109

(/usr/share/texlive/texmf-dist/tex/latex/latexconfig/hyperref.cfg
File: hyperref.cfg 2002/06/06 v1.2 hyperref configuration of TeXLive
)
Package hyperref Info: Hyper figures OFF on input line 4443.
Package hyperref Info: Link nesting OFF on input line 4448.
Package hyperref Info: Hyper index ON on input line 4451.
Package hyperref Info: Plain pages OFF on input line 4458.
Package hyperref Info: Backreferencing OFF on input line 4463.
Package hyperref Info: Implicit mode ON; LaTeX internals redefined.
Package hyperref Info: Bookmarks ON on input line 4688.
\c@Hy@tempcnt=\count110
LaTeX Info: Redefining \url on input line 5041.
\XeTeXLinkMargin=\dimen125
\Fld@menulength=\count111
\Field@Width=\dimen126
\Fld@charsize=\dimen127
Package hyperref Info: Hyper figures OFF on input line 6295.
Package hyperref Info: Link nesting OFF on input line 6300.
Package hyperref Info: Hyper index ON on input line 6303.
Package hyperref Info: backreferencing OFF on input line 6310.
Package hyperref Info: Link coloring OFF on input line 6315.
Package hyperref Info: Link coloring with OCG OFF on input line 6320.
Package hyperref Info: PDF/A mode OFF on input line 6325.
LaTeX Info: Redefining \ref on input line 6365.
LaTeX Info: Redefining \pageref on input line 6369.
\Hy@abspage=\count112
\c@Item=\count113
\c@Hfootnote=\count114
)

Package hyperref Message: Driver (autodetected): hpdftex.

(/usr/share/texlive/texmf-dist/tex/latex/hyperref/hpdftex.def
File: hpdftex.def 2012/11/06 v6.83m Hyperref driver for pdfTeX
\Fld@listcount=\count115
\c@bookmark@seq@number=\count116

(/usr/share/texlive/texmf-dist/tex/latex/oberdiek/rerunfilecheck.sty
Package: rerunfilecheck 2011/04/15 v1.7 Rerun checks for auxiliary files (HO)
Package uniquecounter Info: New unique counter `rerunfilecheck' on input line 2
82.
)
\Hy@SectionHShift=\skip50
)
(/usr/share/texlive/texmf-dist/tex/latex/pdfpages/pdfpages.sty
Package: pdfpages 2015/09/18 v0.5d Insert pages of external PDF documents (AM)

(/usr/share/texlive/texmf-dist/tex/latex/base/ifthen.sty
Package: ifthen 2014/09/29 v1.1c Standard LaTeX ifthen package (DPC)
)
(/usr/share/texlive/texmf-dist/tex/latex/tools/calc.sty
Package: calc 2014/10/28 v4.3 Infix arithmetic (KKT,FJ)
\calc@Acount=\count117
\calc@Bcount=\count118
\calc@Adimen=\dimen128
\calc@Bdimen=\dimen129
\calc@Askip=\skip51
\calc@Bskip=\skip52
LaTeX Info: Redefining \setlength on input line 80.
LaTeX Info: Redefining \addtolength on input line 81.
\calc@Ccount=\count119
\calc@Cskip=\skip53
)
(/usr/share/texlive/texmf-dist/tex/latex/eso-pic/eso-pic.sty
Package: eso-pic 2015/07/21 v2.0g eso-pic (RN)
)
\AM@pagewidth=\dimen130
\AM@pageheight=\dimen131

(/usr/share/texlive/texmf-dist/tex/latex/pdfpages/pppdftex.def
File: pppdftex.def 2015/09/18 v0.5d Pdfpages driver for pdfTeX (AM)
)
\AM@pagebox=\box28
\AM@toc@title=\toks33
\c@AM@survey=\count120
\AM@templatesizebox=\box29
)
(/usr/share/texlive/texmf-dist/tex/latex/wrapfig/wrapfig.sty
\wrapoverhang=\dimen132
\WF@size=\dimen133
\c@WF@wrappedlines=\count121
\WF@box=\box30
\WF@everypar=\toks34
Package: wrapfig 2003/01/31  v 3.6
)
(/usr/share/texlive/texmf-dist/tex/latex/graphics/lscape.sty
Package: lscape 2000/10/22 v3.01 Landscape Pages (DPC)
)
(/usr/share/texlive/texmf-dist/tex/latex/rotating/rotating.sty
Package: rotating 2009/03/28 v2.16a rotated objects in LaTeX
\c@r@tfl@t=\count122
\rotFPtop=\skip54
\rotFPbot=\skip55
\rot@float@box=\box31
\rot@mess@toks=\toks35
)
(/usr/share/texlive/texmf-dist/tex/latex/oberdiek/epstopdf.sty
Package: epstopdf 2010/02/09 v2.5 Conversion with epstopdf on the fly (HO)

(/usr/share/texlive/texmf-dist/tex/latex/oberdiek/epstopdf-base.sty
Package: epstopdf-base 2010/02/09 v2.5 Base part for package epstopdf

(/usr/share/texlive/texmf-dist/tex/latex/oberdiek/grfext.sty
Package: grfext 2010/08/19 v1.1 Manage graphics extensions (HO)
)
Package grfext Info: Graphics extension search list:
(grfext)             [.png,.pdf,.jpg,.mps,.jpeg,.jbig2,.jb2,.PNG,.PDF,.JPG,.JPE
G,.JBIG2,.JB2,.eps]
(grfext)             \AppendGraphicsExtensions on input line 452.

(/usr/share/texlive/texmf-dist/tex/latex/latexconfig/epstopdf-sys.cfg
File: epstopdf-sys.cfg 2010/07/13 v1.3 Configuration of (r)epstopdf for TeX Liv
e
)))
(/usr/share/texlive/texmf-dist/tex/latex/base/textcomp.sty
Package: textcomp 2005/09/27 v1.99g Standard LaTeX package
Package textcomp Info: Sub-encoding information:
(textcomp)               5 = only ISO-Adobe without \textcurrency
(textcomp)               4 = 5 + \texteuro
(textcomp)               3 = 4 + \textohm
(textcomp)               2 = 3 + \textestimated + \textcurrency
(textcomp)               1 = TS1 - \textcircled - \t
(textcomp)               0 = TS1 (full)
(textcomp)             Font families with sub-encoding setting implement
(textcomp)             only a restricted character set as indicated.
(textcomp)             Family '?' is the default used for unknown fonts.
(textcomp)             See the documentation for details.
Package textcomp Info: Setting ? sub-encoding to TS1/1 on input line 79.

(/usr/share/texlive/texmf-dist/tex/latex/base/ts1enc.def
File: ts1enc.def 2001/06/05 v3.0e (jk/car/fm) Standard LaTeX file
)
LaTeX Info: Redefining \oldstylenums on input line 334.
Package textcomp Info: Setting cmr sub-encoding to TS1/0 on input line 349.
Package textcomp Info: Setting cmss sub-encoding to TS1/0 on input line 350.
Package textcomp Info: Setting cmtt sub-encoding to TS1/0 on input line 351.
Package textcomp Info: Setting cmvtt sub-encoding to TS1/0 on input line 352.
Package textcomp Info: Setting cmbr sub-encoding to TS1/0 on input line 353.
Package textcomp Info: Setting cmtl sub-encoding to TS1/0 on input line 354.
Package textcomp Info: Setting ccr sub-encoding to TS1/0 on input line 355.
Package textcomp Info: Setting ptm sub-encoding to TS1/4 on input line 356.
Package textcomp Info: Setting pcr sub-encoding to TS1/4 on input line 357.
Package textcomp Info: Setting phv sub-encoding to TS1/4 on input line 358.
Package textcomp Info: Setting ppl sub-encoding to TS1/3 on input line 359.
Package textcomp Info: Setting pag sub-encoding to TS1/4 on input line 360.
Package textcomp Info: Setting pbk sub-encoding to TS1/4 on input line 361.
Package textcomp Info: Setting pnc sub-encoding to TS1/4 on input line 362.
Package textcomp Info: Setting pzc sub-encoding to TS1/4 on input line 363.
Package textcomp Info: Setting bch sub-encoding to TS1/4 on input line 364.
Package textcomp Info: Setting put sub-encoding to TS1/5 on input line 365.
Package textcomp Info: Setting uag sub-encoding to TS1/5 on input line 366.
Package textcomp Info: Setting ugq sub-encoding to TS1/5 on input line 367.
Package textcomp Info: Setting ul8 sub-encoding to TS1/4 on input line 368.
Package textcomp Info: Setting ul9 sub-encoding to TS1/4 on input line 369.
Package textcomp Info: Setting augie sub-encoding to TS1/5 on input line 370.
Package textcomp Info: Setting dayrom sub-encoding to TS1/3 on input line 371.
Package textcomp Info: Setting dayroms sub-encoding to TS1/3 on input line 372.

Package textcomp Info: Setting pxr sub-encoding to TS1/0 on input line 373.
Package textcomp Info: Setting pxss sub-encoding to TS1/0 on input line 374.
Package textcomp Info: Setting pxtt sub-encoding to TS1/0 on input line 375.
Package textcomp Info: Setting txr sub-encoding to TS1/0 on input line 376.
Package textcomp Info: Setting txss sub-encoding to TS1/0 on input line 377.
Package textcomp Info: Setting txtt sub-encoding to TS1/0 on input line 378.
Package textcomp Info: Setting lmr sub-encoding to TS1/0 on input line 379.
Package textcomp Info: Setting lmdh sub-encoding to TS1/0 on input line 380.
Package textcomp Info: Setting lmss sub-encoding to TS1/0 on input line 381.
Package textcomp Info: Setting lmssq sub-encoding to TS1/0 on input line 382.
Package textcomp Info: Setting lmvtt sub-encoding to TS1/0 on input line 383.
Package textcomp Info: Setting lmtt sub-encoding to TS1/0 on input line 384.
Package textcomp Info: Setting qhv sub-encoding to TS1/0 on input line 385.
Package textcomp Info: Setting qag sub-encoding to TS1/0 on input line 386.
Package textcomp Info: Setting qbk sub-encoding to TS1/0 on input line 387.
Package textcomp Info: Setting qcr sub-encoding to TS1/0 on input line 388.
Package textcomp Info: Setting qcs sub-encoding to TS1/0 on input line 389.
Package textcomp Info: Setting qpl sub-encoding to TS1/0 on input line 390.
Package textcomp Info: Setting qtm sub-encoding to TS1/0 on input line 391.
Package textcomp Info: Setting qzc sub-encoding to TS1/0 on input line 392.
Package textcomp Info: Setting qhvc sub-encoding to TS1/0 on input line 393.
Package textcomp Info: Setting futs sub-encoding to TS1/4 on input line 394.
Package textcomp Info: Setting futx sub-encoding to TS1/4 on input line 395.
Package textcomp Info: Setting futj sub-encoding to TS1/4 on input line 396.
Package textcomp Info: Setting hlh sub-encoding to TS1/3 on input line 397.
Package textcomp Info: Setting hls sub-encoding to TS1/3 on input line 398.
Package textcomp Info: Setting hlst sub-encoding to TS1/3 on input line 399.
Package textcomp Info: Setting hlct sub-encoding to TS1/5 on input line 400.
Package textcomp Info: Setting hlx sub-encoding to TS1/5 on input line 401.
Package textcomp Info: Setting hlce sub-encoding to TS1/5 on input line 402.
Package textcomp Info: Setting hlcn sub-encoding to TS1/5 on input line 403.
Package textcomp Info: Setting hlcw sub-encoding to TS1/5 on input line 404.
Package textcomp Info: Setting hlcf sub-encoding to TS1/5 on input line 405.
Package textcomp Info: Setting pplx sub-encoding to TS1/3 on input line 406.
Package textcomp Info: Setting pplj sub-encoding to TS1/3 on input line 407.
Package textcomp Info: Setting ptmx sub-encoding to TS1/4 on input line 408.
Package textcomp Info: Setting ptmj sub-encoding to TS1/4 on input line 409.
)
(/usr/share/texlive/texmf-dist/tex/latex/tools/array.sty
Package: array 2014/10/28 v2.4c Tabular extension package (FMi)
\col@sep=\dimen134
\extrarowheight=\dimen135
\NC@list=\toks36
\extratabsurround=\skip56
\backup@length=\skip57
)
(/usr/share/texlive/texmf-dist/tex/latex/booktabs/booktabs.sty
Package: booktabs 2005/04/14 v1.61803 publication quality tables
\heavyrulewidth=\dimen136
\lightrulewidth=\dimen137
\cmidrulewidth=\dimen138
\belowrulesep=\dimen139
\belowbottomsep=\dimen140
\aboverulesep=\dimen141
\abovetopsep=\dimen142
\cmidrulesep=\dimen143
\cmidrulekern=\dimen144
\defaultaddspace=\dimen145
\@cmidla=\count123
\@cmidlb=\count124
\@aboverulesep=\dimen146
\@belowrulesep=\dimen147
\@thisruleclass=\count125
\@lastruleclass=\count126
\@thisrulewidth=\dimen148
)
(/usr/share/texlive/texmf-dist/tex/latex/tools/longtable.sty
Package: longtable 2014/10/28 v4.11 Multi-page Table package (DPC)
\LTleft=\skip58
\LTright=\skip59
\LTpre=\skip60
\LTpost=\skip61
\LTchunksize=\count127
\LTcapwidth=\dimen149
\LT@head=\box32
\LT@firsthead=\box33
\LT@foot=\box34
\LT@lastfoot=\box35
\LT@cols=\count128
\LT@rows=\count129
\c@LT@tables=\count130
\c@LT@chunks=\count131
\LT@p@ftn=\toks37
)
(/usr/share/texlive/texmf-dist/tex/latex/oberdiek/pdflscape.sty
Package: pdflscape 2008/08/11 v0.10 Display of landscape pages in PDF (HO)
Package pdflscape Info: Auto-detected driver: pdftex on input line 80.
)
(/usr/share/texlive/texmf-dist/tex/latex/tools/xspace.sty
Package: xspace 2014/10/28 v1.13 Space after command names (DPC,MH)
)
(/usr/share/texlive/texmf-dist/tex/latex/fancyhdr/fancyhdr.sty
\fancy@headwidth=\skip62
\f@ncyO@elh=\skip63
\f@ncyO@erh=\skip64
\f@ncyO@olh=\skip65
\f@ncyO@orh=\skip66
\f@ncyO@elf=\skip67
\f@ncyO@erf=\skip68
\f@ncyO@olf=\skip69
\f@ncyO@orf=\skip70
)
(/usr/share/texlive/texmf-dist/tex/latex/base/fontenc.sty
Package: fontenc 2005/09/27 v1.99g Standard LaTeX package

(/usr/share/texlive/texmf-dist/tex/latex/base/t1enc.def
File: t1enc.def 2005/09/27 v1.99g Standard LaTeX file
LaTeX Font Info:    Redeclaring font encoding T1 on input line 48.
))
(/usr/share/texlive/texmf-dist/tex/latex/psnfss/mathpazo.sty
Package: mathpazo 2005/04/12 PSNFSS-v9.2a Palatino w/ Pazo Math (D.Puga, WaS) 
\symupright=\mathgroup6
)
\spacebox=\skip71

(/usr/share/texlive/texmf-dist/tex/latex/sectsty/sectsty.sty
Package: sectsty 2002/02/25 v2.0.2 Commands to change all sectional heading sty
les
)
(/usr/share/texlive/texmf-dist/tex/latex/regexpatch/regexpatch.sty
(/usr/share/texlive/texmf-dist/tex/latex/l3kernel/expl3.sty
Package: expl3 2016/01/19 v6377 L3 programming layer (loader) 

(/usr/share/texlive/texmf-dist/tex/latex/l3kernel/expl3-code.tex
Package: expl3 2016/01/19 v6377 L3 programming layer (code)
L3 Module: l3bootstrap 2016/01/01 v6339 L3 Bootstrap code
L3 Module: l3names 2015/12/21 v6328 L3 Namespace for primitives
L3 Module: l3basics 2015/11/22 v6315 L3 Basic definitions
L3 Module: l3expan 2015/09/10 v5983 L3 Argument expansion
L3 Module: l3tl 2015/09/29 v6121 L3 Token lists
L3 Module: l3str 2016/01/03 v6357 L3 Strings
L3 Module: l3seq 2015/08/05 v5777 L3 Sequences and stacks
L3 Module: l3int 2016/01/05 v6366 L3 Integers
\c_max_int=\count132
\l_tmpa_int=\count133
\l_tmpb_int=\count134
\g_tmpa_int=\count135
\g_tmpb_int=\count136
L3 Module: l3quark 2015/08/17 v5855 L3 Quarks
L3 Module: l3prg 2015/11/01 v6216 L3 Control structures
\g__prg_map_int=\count137
L3 Module: l3clist 2015/09/02 v5901 L3 Comma separated lists
L3 Module: l3token 2015/11/11 v6249 L3 Experimental token manipulation
L3 Module: l3prop 2016/01/05 v6366 L3 Property lists
L3 Module: l3msg 2015/09/28 v6113 L3 Messages
L3 Module: l3file 2015/12/03 v6317 L3 File and I/O operations
\l_iow_line_count_int=\count138
\l__iow_target_count_int=\count139
\l__iow_current_line_int=\count140
\l__iow_current_word_int=\count141
\l__iow_current_indentation_int=\count142
L3 Module: l3skip 2016/01/05 v6366 L3 Dimensions and skips
\c_zero_dim=\dimen150
\c_max_dim=\dimen151
\l_tmpa_dim=\dimen152
\l_tmpb_dim=\dimen153
\g_tmpa_dim=\dimen154
\g_tmpb_dim=\dimen155
\c_zero_skip=\skip72
\c_max_skip=\skip73
\l_tmpa_skip=\skip74
\l_tmpb_skip=\skip75
\g_tmpa_skip=\skip76
\g_tmpb_skip=\skip77
\c_zero_muskip=\muskip12
\c_max_muskip=\muskip13
\l_tmpa_muskip=\muskip14
\l_tmpb_muskip=\muskip15
\g_tmpa_muskip=\muskip16
\g_tmpb_muskip=\muskip17
L3 Module: l3keys 2015/11/17 v6284 L3 Key-value interfaces
\g__keyval_level_int=\count143
\l_keys_choice_int=\count144
L3 Module: l3fp 2015/08/25 v5890 L3 Floating points
\c__fp_leading_shift_int=\count145
\c__fp_middle_shift_int=\count146
\c__fp_trailing_shift_int=\count147
\c__fp_big_leading_shift_int=\count148
\c__fp_big_middle_shift_int=\count149
\c__fp_big_trailing_shift_int=\count150
\c__fp_Bigg_leading_shift_int=\count151
\c__fp_Bigg_middle_shift_int=\count152
\c__fp_Bigg_trailing_shift_int=\count153
L3 Module: l3box 2015/08/09 v5822 L3 Experimental boxes
\c_empty_box=\box36
\l_tmpa_box=\box37
\l_tmpb_box=\box38
\g_tmpa_box=\box39
\g_tmpb_box=\box40
L3 Module: l3coffins 2015/08/06 v5789 L3 Coffin code layer
\l__coffin_internal_box=\box41
\l__coffin_internal_dim=\dimen156
\l__coffin_offset_x_dim=\dimen157
\l__coffin_offset_y_dim=\dimen158
\l__coffin_x_dim=\dimen159
\l__coffin_y_dim=\dimen160
\l__coffin_x_prime_dim=\dimen161
\l__coffin_y_prime_dim=\dimen162
\c_empty_coffin=\box42
\l__coffin_aligned_coffin=\box43
\l__coffin_aligned_internal_coffin=\box44
\l_tmpa_coffin=\box45
\l_tmpb_coffin=\box46
\l__coffin_display_coffin=\box47
\l__coffin_display_coord_coffin=\box48
\l__coffin_display_pole_coffin=\box49
\l__coffin_display_offset_dim=\dimen163
\l__coffin_display_x_dim=\dimen164
\l__coffin_display_y_dim=\dimen165
L3 Module: l3color 2014/08/23 v5354 L3 Experimental color support
L3 Module: l3sys 2015/09/25 v6087 L3 Experimental system/runtime functions
L3 Module: l3candidates 2016/01/14 v6376 L3 Experimental additions to l3kernel
\l__box_top_dim=\dimen166
\l__box_bottom_dim=\dimen167
\l__box_left_dim=\dimen168
\l__box_right_dim=\dimen169
\l__box_top_new_dim=\dimen170
\l__box_bottom_new_dim=\dimen171
\l__box_left_new_dim=\dimen172
\l__box_right_new_dim=\dimen173
\l__box_internal_box=\box50
\l__coffin_bounding_shift_dim=\dimen174
\l__coffin_left_corner_dim=\dimen175
\l__coffin_right_corner_dim=\dimen176
\l__coffin_bottom_corner_dim=\dimen177
\l__coffin_top_corner_dim=\dimen178
\l__coffin_scaled_total_height_dim=\dimen179
\l__coffin_scaled_width_dim=\dimen180
L3 Module: l3luatex 2015/11/11 v6250 L3 Experimental LuaTeX-specific functions
)
(/usr/share/texlive/texmf-dist/tex/latex/l3kernel/l3pdfmode.def
File: l3pdfmode.def 2015/11/11 v6250 L3 Experimental driver: PDF mode
\l__driver_color_stack_int=\count154
))
Package: regexpatch 2015/05/20 v0.2a Extending etoolbox patching commands

(/usr/share/texlive/texmf-dist/tex/latex/l3packages/xparse/xparse.sty
Package: xparse 2016/01/19 v6377 L3 Experimental document command parser
\l__xparse_current_arg_int=\count155
\l__xparse_m_args_int=\count156
\l__xparse_mandatory_args_int=\count157
\l__xparse_processor_int=\count158
\l__xparse_v_nesting_int=\count159
)
(/usr/share/texlive/texmf-dist/tex/latex/l3experimental/l3str/l3regex.sty
Package: l3regex 2016/01/19 v6377 L3 Experimental regular expressions

(/usr/share/texlive/texmf-dist/tex/latex/l3experimental/l3str/l3tl-build.sty
Package: l3tl-build 2016/01/19 v6377 L3 Experimental token list construction
\l__tl_build_start_index_int=\count160
\l__tl_build_index_int=\count161
)
(/usr/share/texlive/texmf-dist/tex/latex/l3experimental/l3str/l3tl-analysis.sty
Package: l3tl-analysis 2015/11/09 v6244 L3 Experimental token lists analysis
\l__tl_analysis_normal_int=\count162
\l__tl_analysis_index_int=\count163
\l__tl_analysis_nesting_int=\count164
\l__tl_analysis_type_int=\count165
) (/usr/share/texlive/texmf-dist/tex/latex/l3experimental/l3str/l3flag.sty
Package: l3flag 2016/01/19 v6377 L3 Experimental flags
)
(/usr/share/texlive/texmf-dist/tex/latex/l3experimental/l3str/l3str-convert.sty
Package: l3str-convert 2015/09/26 v6106 L3 Experimental string encoding convers
ions
\l__str_internal_int=\count166
\c__str_replacement_char_int=\count167
)
\l__regex_internal_a_int=\count168
\l__regex_internal_b_int=\count169
\l__regex_internal_c_int=\count170
\l__regex_balance_int=\count171
\l__regex_group_level_int=\count172
\l__regex_mode_int=\count173
\l__regex_catcodes_int=\count174
\l__regex_default_catcodes_int=\count175
\c__regex_catcode_D_int=\count176
\c__regex_catcode_S_int=\count177
\c__regex_catcode_L_int=\count178
\c__regex_catcode_O_int=\count179
\c__regex_catcode_A_int=\count180
\c__regex_all_catcodes_int=\count181
\l__regex_show_lines_int=\count182
\l__regex_min_state_int=\count183
\l__regex_max_state_int=\count184
\l__regex_left_state_int=\count185
\l__regex_right_state_int=\count186
\l__regex_capturing_group_int=\count187
\l__regex_min_pos_int=\count188
\l__regex_max_pos_int=\count189
\l__regex_current_pos_int=\count190
\l__regex_start_pos_int=\count191
\l__regex_success_pos_int=\count192
\l__regex_current_char_int=\count193
\l__regex_current_catcode_int=\count194
\l__regex_last_char_int=\count195
\l__regex_case_changed_char_int=\count196
\l__regex_current_state_int=\count197
\l__regex_step_int=\count198
\l__regex_min_active_int=\count199
\l__regex_max_active_int=\count266
\l__regex_replacement_csnames_int=\count267
\l__regex_match_count_int=\count268
\l__regex_submatch_int=\count269
\l__regex_zeroth_submatch_int=\count270
)
.................................................
. LaTeX info: "xparse/define-command"
. 
. Defining command \xshowcmd with sig. 's+m' on line 374.
.................................................
.................................................
. LaTeX info: "xparse/define-command"
. 
. Defining command \xpretocmd with sig. '+m+m+m+m' on line 376.
.................................................
.................................................
. LaTeX info: "xparse/define-command"
. 
. Defining command \xapptocmd with sig. '+m+m+m+m' on line 378.
.................................................
.................................................
. LaTeX info: "xparse/define-command"
. 
. Defining command \regexpatchcmd with sig. 's+m+m+m+m+m' on line 384.
.................................................
.................................................
. LaTeX info: "xparse/define-command"
. 
. Defining command \xpatchcmd with sig. 's+m+m+m+m+m' on line 390.
.................................................
.................................................
. LaTeX info: "xparse/define-command"
. 
. Defining command \xshowbibmacro with sig. 's+m' on line 403.
.................................................
.................................................
. LaTeX info: "xparse/define-command"
. 
. Defining command \xpretobibmacro with sig. '+m+m+m+m' on line 408.
.................................................
.................................................
. LaTeX info: "xparse/define-command"
. 
. Defining command \xapptobibmacro with sig. '+m+m+m+m' on line 413.
.................................................
.................................................
. LaTeX info: "xparse/define-command"
. 
. Defining command \xpatchbibmacro with sig. 's+m+m+m+m+m' on line 425.
.................................................
.................................................
. LaTeX info: "xparse/define-command"
. 
. Defining command \regexpatchbibmacro with sig. 's+m+m+m+m+m' on line 437.
.................................................
.................................................
. LaTeX info: "xparse/define-command"
. 
. Defining command \xshowbibdriver with sig. 's+m' on line 450.
.................................................
.................................................
. LaTeX info: "xparse/define-command"
. 
. Defining command \xpretobibdriver with sig. '+m+m+m+m' on line 452.
.................................................
.................................................
. LaTeX info: "xparse/define-command"
. 
. Defining command \xapptobibdriver with sig. '+m+m+m+m' on line 454.
.................................................
.................................................
. LaTeX info: "xparse/define-command"
. 
. Defining command \xpatchbibdriver with sig. 's+m+m+m+m+m' on line 460.
.................................................
.................................................
. LaTeX info: "xparse/define-command"
. 
. Defining command \regexpatchbibdriver with sig. 's+m+m+m+m+m' on line 466.
.................................................
.................................................
. LaTeX info: "xparse/define-command"
. 
. Defining command \xshowfieldformat with sig. 'sO{*}+m' on line 479.
.................................................
.................................................
. LaTeX info: "xparse/define-command"
. 
. Defining command \xpretofieldformat with sig. 'sO{*}+m+m+m+m' on line 491.
.................................................
.................................................
. LaTeX info: "xparse/define-command"
. 
. Defining command \xapptofieldformat with sig. 'sO{*}+m+m+m+m' on line 503.
.................................................
.................................................
. LaTeX info: "xparse/define-command"
. 
. Defining command \xpatchfieldformat with sig. 'sO{*}+m+m+m+m+m' on line 515.
.................................................
.................................................
. LaTeX info: "xparse/define-command"
. 
. Defining command \regexpatchfieldformat with sig. 'sO{*}+m+m+m+m+m' on line
. 527.
.................................................
.................................................
. LaTeX info: "xparse/define-command"
. 
. Defining command \xshownameformat with sig. 'sO{*}+m' on line 541.
.................................................
.................................................
. LaTeX info: "xparse/define-command"
. 
. Defining command \xpretonameformat with sig. 'sO{*}+m+m+m+m' on line 553.
.................................................
.................................................
. LaTeX info: "xparse/define-command"
. 
. Defining command \xapptonameformat with sig. 'sO{*}+m+m+m+m' on line 565.
.................................................
.................................................
. LaTeX info: "xparse/define-command"
. 
. Defining command \xpatchnameformat with sig. 'sO{*}+m+m+m+m+m' on line 577.
.................................................
.................................................
. LaTeX info: "xparse/define-command"
. 
. Defining command \regexpatchnameformat with sig. 'sO{*}+m+m+m+m+m' on line
. 589.
.................................................
.................................................
. LaTeX info: "xparse/define-command"
. 
. Defining command \xshowlistformat with sig. 'sO{*}+m' on line 603.
.................................................
.................................................
. LaTeX info: "xparse/define-command"
. 
. Defining command \xpretolistformat with sig. 'sO{*}+m+m+m+m' on line 615.
.................................................
.................................................
. LaTeX info: "xparse/define-command"
. 
. Defining command \xapptolistformat with sig. 'sO{*}+m+m+m+m' on line 627.
.................................................
.................................................
. LaTeX info: "xparse/define-command"
. 
. Defining command \xpatchlistformat with sig. 'sO{*}+m+m+m+m+m' on line 639.
.................................................
.................................................
. LaTeX info: "xparse/define-command"
. 
. Defining command \regexpatchlistformat with sig. 'sO{*}+m+m+m+m+m' on line
. 651.
.................................................
.................................................
. LaTeX info: "xparse/define-command"
. 
. Defining command \xshowindexfieldformat with sig. 'sO{*}+m' on line 665.
.................................................
.................................................
. LaTeX info: "xparse/define-command"
. 
. Defining command \xpretoindexfieldformat with sig. 'sO{*}+m+m+m+m' on line
. 677.
.................................................
.................................................
. LaTeX info: "xparse/define-command"
. 
. Defining command \xapptoindexfieldformat with sig. 'sO{*}+m+m+m+m' on line
. 689.
.................................................
.................................................
. LaTeX info: "xparse/define-command"
. 
. Defining command \xpatchindexfieldformat with sig. 'sO{*}+m+m+m+m+m' on line
. 701.
.................................................
.................................................
. LaTeX info: "xparse/define-command"
. 
. Defining command \regexpatchindexfieldformat with sig. 'sO{*}+m+m+m+m+m' on
. line 713.
.................................................
.................................................
. LaTeX info: "xparse/define-command"
. 
. Defining command \xshowindexnameformat with sig. 'sO{*}+m' on line 727.
.................................................
.................................................
. LaTeX info: "xparse/define-command"
. 
. Defining command \xpretoindexnameformat with sig. 'sO{*}+m+m+m+m' on line
. 739.
.................................................
.................................................
. LaTeX info: "xparse/define-command"
. 
. Defining command \xapptoindexnameformat with sig. 'sO{*}+m+m+m+m' on line
. 751.
.................................................
.................................................
. LaTeX info: "xparse/define-command"
. 
. Defining command \xpatchindexnameformat with sig. 'sO{*}+m+m+m+m+m' on line
. 763.
.................................................
.................................................
. LaTeX info: "xparse/define-command"
. 
. Defining command \regexpatchindexnameformat with sig. 'sO{*}+m+m+m+m+m' on
. line 775.
.................................................
.................................................
. LaTeX info: "xparse/define-command"
. 
. Defining command \xshowindexlistformat with sig. 'sO{*}+m' on line 789.
.................................................
.................................................
. LaTeX info: "xparse/define-command"
. 
. Defining command \xpretoindexlistformat with sig. 'sO{*}+m+m+m+m' on line
. 801.
.................................................
.................................................
. LaTeX info: "xparse/define-command"
. 
. Defining command \xapptoindexlistformat with sig. 'sO{*}+m+m+m+m' on line
. 813.
.................................................
.................................................
. LaTeX info: "xparse/define-command"
. 
. Defining command \xpatchindexlistformat with sig. 'sO{*}+m+m+m+m+m' on line
. 825.
.................................................
.................................................
. LaTeX info: "xparse/define-command"
. 
. Defining command \regexpatchindexlistformat with sig. 'sO{*}+m+m+m+m+m' on
. line 837.
.................................................
.................................................
. LaTeX info: "xparse/define-command"
. 
. Defining command \checkpatchable with sig. '+m' on line 844.
.................................................
.................................................
. LaTeX info: "xparse/define-command"
. 
. Defining command \xpatchoptarg with sig. '+m+m' on line 873.
.................................................
.................................................
. LaTeX info: "xparse/define-command"
. 
. Defining command \tracingxpatches with sig. 'O{1}' on line 879.
.................................................
.................................................
. LaTeX info: "xparse/define-command"
. 
. Defining command \xpatchparametertext with sig. '+m+m+m+m+m' on line 892.
.................................................
)

LaTeX Warning: Unused global option(s):
    [paper=a4,fontsize=11pt].

(./CV-en.aux)
\openout1 = `CV-en.aux'.

LaTeX Font Info:    Checking defaults for OML/cmm/m/it on input line 192.
LaTeX Font Info:    ... okay on input line 192.
LaTeX Font Info:    Checking defaults for T1/cmr/m/n on input line 192.
LaTeX Font Info:    ... okay on input line 192.
LaTeX Font Info:    Checking defaults for OT1/cmr/m/n on input line 192.
LaTeX Font Info:    ... okay on input line 192.
LaTeX Font Info:    Checking defaults for OMS/cmsy/m/n on input line 192.
LaTeX Font Info:    ... okay on input line 192.
LaTeX Font Info:    Checking defaults for OMX/cmex/m/n on input line 192.
LaTeX Font Info:    ... okay on input line 192.
LaTeX Font Info:    Checking defaults for U/cmr/m/n on input line 192.
LaTeX Font Info:    ... okay on input line 192.
LaTeX Font Info:    Checking defaults for PD1/pdf/m/n on input line 192.
LaTeX Font Info:    ... okay on input line 192.
LaTeX Font Info:    Checking defaults for TS1/cmr/m/n on input line 192.
LaTeX Font Info:    Try loading font information for TS1+cmr on input line 192.

 (/usr/share/texlive/texmf-dist/tex/latex/base/ts1cmr.fd
File: ts1cmr.fd 2014/09/29 v2.5h Standard LaTeX font definitions
)
LaTeX Font Info:    ... okay on input line 192.
LaTeX Font Info:    Try loading font information for T1+pplj on input line 192.


(/usr/share/texlive/texmf-dist/tex/latex/psnfss/t1pplj.fd
File: t1pplj.fd 2004/09/06 font definitions for T1/pplj.
)
(/usr/share/texlive/texmf-dist/tex/latex/ucs/ucsencs.def
File: ucsencs.def 2011/01/21 Fixes to fontencodings LGR, T3
)
LaTeX Info: Redefining \microtypecontext on input line 192.
Package microtype Info: Generating PDF output.
Package microtype Info: Character protrusion enabled (level 2).
Package microtype Info: Using default protrusion set `alltext'.
Package microtype Info: Automatic font expansion enabled (level 2),
(microtype)             stretch: 20, shrink: 20, step: 1, non-selected.
Package microtype Info: Using default expansion set `basictext'.
Package microtype Info: No adjustment of tracking.
Package microtype Info: No adjustment of interword spacing.
Package microtype Info: No adjustment of character kerning.

(/usr/share/texlive/texmf-dist/tex/latex/microtype/mt-ppl.cfg
File: mt-ppl.cfg 2005/11/16 v1.6 microtype config. file: Palatino (RS)
)
(/usr/share/texlive/texmf-dist/tex/context/base/supp-pdf.mkii
[Loading MPS to PDF converter (version 2006.09.02).]
\scratchcounter=\count271
\scratchdimen=\dimen181
\scratchbox=\box51
\nofMPsegments=\count272
\nofMParguments=\count273
\everyMPshowfont=\toks38
\MPscratchCnt=\count274
\MPscratchDim=\dimen182
\MPnumerator=\count275
\makeMPintoPDFobject=\count276
\everyMPtoPDFconversion=\toks39
)
*geometry* driver: auto-detecting
*geometry* detected driver: pdftex
*geometry* verbose mode - [ preamble ] result:
* driver: pdftex
* paper: <default>
* layout: <same size as paper>
* layoutoffset:(h,v)=(0.0pt,0.0pt)
* modes: 
* h-part:(L,W,R)=(92.14519pt, 430.00462pt, 92.14519pt)
* v-part:(T,H,B)=(95.39737pt, 556.47656pt, 143.09605pt)
* \paperwidth=614.295pt
* \paperheight=794.96999pt
* \textwidth=430.00462pt
* \textheight=556.47656pt
* \oddsidemargin=19.8752pt
* \evensidemargin=19.8752pt
* \topmargin=-13.87262pt
* \headheight=12.0pt
* \headsep=25.0pt
* \topskip=10.0pt
* \footskip=30.0pt
* \marginparwidth=65.0pt
* \marginparsep=11.0pt
* \columnsep=10.0pt
* \skip\footins=9.0pt plus 4.0pt minus 2.0pt
* \hoffset=0.0pt
* \voffset=0.0pt
* \mag=1000
* \@twocolumnfalse
* \@twosidefalse
* \@mparswitchfalse
* \@reversemarginfalse
* (1in=72.27pt=25.4mm, 1cm=28.453pt)

\AtBeginShipoutBox=\box52
Package hyperref Info: Link coloring OFF on input line 192.
(/usr/share/texlive/texmf-dist/tex/latex/hyperref/nameref.sty
Package: nameref 2012/10/27 v2.43 Cross-referencing by name of section

(/usr/share/texlive/texmf-dist/tex/generic/oberdiek/gettitlestring.sty
Package: gettitlestring 2010/12/03 v1.4 Cleanup title references (HO)
)
\c@section@level=\count277
)
LaTeX Info: Redefining \ref on input line 192.
LaTeX Info: Redefining \pageref on input line 192.
LaTeX Info: Redefining \nameref on input line 192.

(./CV-en.out) (./CV-en.out)
\@outlinefile=\write3
\openout3 = `CV-en.out'.

LaTeX Font Info:    Font shape `T1/pplj/bx/n' in size <17.28> not available
(Font)              Font shape `T1/pplj/b/n' tried instead on input line 208.
Package microtype Info: Character `029' is missing
(microtype)             in font `T1/pplj/m/sc/10'.
(microtype)             Ignoring protrusion settings for this character.
LaTeX Font Info:    Font shape `T1/pplj/bx/n' in size <10> not available
(Font)              Font shape `T1/pplj/b/n' tried instead on input line 218.

Underfull \hbox (badness 10000) in paragraph at lines 226--229
[]\T1/pplj/b/n/10 LinkedIn\T1/pplj/m/n/10 (+20) :
 []


Overfull \hbox (29.79694pt too wide) in paragraph at lines 226--229
[]\T1/pplj/m/n/10 (-20) careers.stackoverflow.com/antortjim[] 
 []


Underfull \hbox (badness 10000) in paragraph at lines 226--229

 []

LaTeX Font Info:    Font shape `T1/pplj/bx/n' in size <14.4> not available
(Font)              Font shape `T1/pplj/b/n' tried instead on input line 234.
LaTeX Font Info:    Try loading font information for OT1+ppl on input line 237.

(/usr/share/texlive/texmf-dist/tex/latex/psnfss/ot1ppl.fd
File: ot1ppl.fd 2001/06/04 font definitions for OT1/ppl.
)
LaTeX Font Info:    Try loading font information for OML+zplm on input line 237
.

(/usr/share/texlive/texmf-dist/tex/latex/psnfss/omlzplm.fd
File: omlzplm.fd 2002/09/08 Fontinst v1.914 font definitions for OML/zplm.
)
LaTeX Font Info:    Try loading font information for OMS+zplm on input line 237
.

(/usr/share/texlive/texmf-dist/tex/latex/psnfss/omszplm.fd
File: omszplm.fd 2002/09/08 Fontinst v1.914 font definitions for OMS/zplm.
)
LaTeX Font Info:    Try loading font information for OMX+zplm on input line 237
.

(/usr/share/texlive/texmf-dist/tex/latex/psnfss/omxzplm.fd
File: omxzplm.fd 2002/09/08 Fontinst v1.914 font definitions for OMX/zplm.
)
LaTeX Font Info:    Font shape `U/msa/m/n' will be
(Font)              scaled to size 10.42007pt on input line 237.

(/usr/share/texlive/texmf-dist/tex/latex/microtype/mt-msa.cfg
File: mt-msa.cfg 2006/02/04 v1.1 microtype config. file: AMS symbols (a) (RS)
)
LaTeX Font Info:    Font shape `U/msa/m/n' will be
(Font)              scaled to size 7.91925pt on input line 237.
LaTeX Font Info:    Font shape `U/msa/m/n' will be
(Font)              scaled to size 6.25204pt on input line 237.
LaTeX Font Info:    Font shape `U/msb/m/n' will be
(Font)              scaled to size 10.42007pt on input line 237.

(/usr/share/texlive/texmf-dist/tex/latex/microtype/mt-msb.cfg
File: mt-msb.cfg 2005/06/01 v1.0 microtype config. file: AMS symbols (b) (RS)
)
LaTeX Font Info:    Font shape `U/msb/m/n' will be
(Font)              scaled to size 7.91925pt on input line 237.
LaTeX Font Info:    Font shape `U/msb/m/n' will be
(Font)              scaled to size 6.25204pt on input line 237.
LaTeX Font Info:    Try loading font information for OT1+zplm on input line 237
.

(/usr/share/texlive/texmf-dist/tex/latex/psnfss/ot1zplm.fd
File: ot1zplm.fd 2002/09/08 Fontinst v1.914 font definitions for OT1/zplm.
)
Package microtype Info: Loading generic settings for font family
(microtype)             `zplm' (encoding: OT1).
(microtype)             For optimal results, create family-specific settings.
(microtype)             See the microtype manual for details.

Underfull \hbox (badness 10000) in paragraph at lines 246--246
[]\T1/pplj/m/it/10 (+20) Machine
 []


Overfull \hbox (7.59076pt too wide) in paragraph at lines 249--249
[]\T1/pplj/m/it/10 (-20) Bioinformatics 
 []


Overfull \hbox (5.05878pt too wide) in paragraph at lines 253--253
[]\T1/pplj/m/it/10 (-20) Programming
 []

LaTeX Font Info:    Font shape `T1/pplj/bx/n' in size <9> not available
(Font)              Font shape `T1/pplj/b/n' tried instead on input line 267.
LaTeX Font Info:    Font shape `T1/pplj/bx/it' in size <10> not available
(Font)              Font shape `T1/pplj/b/it' tried instead on input line 273.
LaTeX Font Info:    Try loading font information for TS1+pplj on input line 273
.
(/usr/share/texlive/texmf-dist/tex/latex/psnfss/ts1pplj.fd
File: ts1pplj.fd 2004/09/06 font definitions for TS1/pplj.
)
LaTeX Font Info:    Font shape `TS1/pplj/bx/n' in size <10> not available
(Font)              Font shape `TS1/pplj/b/n' tried instead on input line 273.


Package Fancyhdr Warning: \fancyfoot's `E' option without twoside option is use
less on input line 273.

[1

{/var/lib/texmf/fonts/map/pdftex/updmap/pdftex.map}]
(/usr/share/texlive/texmf-dist/tex/latex/ucs/data/uni-0.def
File: uni-0.def 2013/05/13 UCS: Unicode data U+0000..U+00FF
) [2]
(./appendix.tex [3]
*geometry* verbose mode - [ newgeometry ] result:
* driver: pdftex
* paper: <default>
* layout: <same size as paper>
* layoutoffset:(h,v)=(0.0pt,0.0pt)
* modes: 
* h-part:(L,W,R)=(20.0pt, 574.295pt, 20.0pt)
* v-part:(T,H,B)=(20.0pt, 769.96999pt, 5.0pt)
* \paperwidth=614.295pt
* \paperheight=794.96999pt
* \textwidth=574.295pt
* \textheight=769.96999pt
* \oddsidemargin=-52.26999pt
* \evensidemargin=-52.26999pt
* \topmargin=-89.26999pt
* \headheight=12.0pt
* \headsep=25.0pt
* \topskip=10.0pt
* \footskip=30.0pt
* \marginparwidth=65.0pt
* \marginparsep=11.0pt
* \columnsep=10.0pt
* \skip\footins=9.0pt plus 4.0pt minus 2.0pt
* \hoffset=0.0pt
* \voffset=0.0pt
* \mag=1000
* \@twocolumnfalse
* \@twosidefalse
* \@mparswitchfalse
* \@reversemarginfalse
* (1in=72.27pt=25.4mm, 1cm=28.453pt)

 <./premio_extraordinario.pdf, id=56, 794.97pt x 614.295pt>
File: ./premio_extraordinario.pdf Graphic file (type pdf)

<use ./premio_extraordinario.pdf>
Package pdftex.def Info: ./premio_extraordinario.pdf used on input line 13.
(pdftex.def)             Requested size: 715.4664pt x 552.86038pt.
 [4


 <./premio_extraordinario.pdf, page is rotated 90 degrees>]
*geometry* verbose mode - [ newgeometry ] result:
* driver: pdftex
* paper: <default>
* layout: <same size as paper>
* layoutoffset:(h,v)=(0.0pt,0.0pt)
* modes: 
* h-part:(L,W,R)=(20.0pt, 574.295pt, 20.0pt)
* v-part:(T,H,B)=(20.0pt, 769.96999pt, 5.0pt)
* \paperwidth=614.295pt
* \paperheight=794.96999pt
* \textwidth=574.295pt
* \textheight=769.96999pt
* \oddsidemargin=-52.26999pt
* \evensidemargin=-52.26999pt
* \topmargin=-89.26999pt
* \headheight=12.0pt
* \headsep=25.0pt
* \topskip=10.0pt
* \footskip=30.0pt
* \marginparwidth=65.0pt
* \marginparsep=11.0pt
* \columnsep=10.0pt
* \skip\footins=9.0pt plus 4.0pt minus 2.0pt
* \hoffset=0.0pt
* \voffset=0.0pt
* \mag=1000
* \@twocolumnfalse
* \@twosidefalse
* \@mparswitchfalse
* \@reversemarginfalse
* (1in=72.27pt=25.4mm, 1cm=28.453pt)

 <./bioinformatica2.jpg, id=63, 3492.04625pt x 2482.27374pt>
File: ./bioinformatica2.jpg Graphic file (type jpg)

<use ./bioinformatica2.jpg>
Package pdftex.def Info: ./bioinformatica2.jpg used on input line 26.
(pdftex.def)             Requested size: 698.39688pt x 496.44595pt.
 [5





 <./bioinformatica2.jpg>]
*geometry* verbose mode - [ newgeometry ] result:
* driver: pdftex
* paper: <default>
* layout: <same size as paper>
* layoutoffset:(h,v)=(0.0pt,0.0pt)
* modes: 
* h-part:(L,W,R)=(20.0pt, 574.295pt, 20.0pt)
* v-part:(T,H,B)=(20.0pt, 769.96999pt, 5.0pt)
* \paperwidth=614.295pt
* \paperheight=794.96999pt
* \textwidth=574.295pt
* \textheight=769.96999pt
* \oddsidemargin=-52.26999pt
* \evensidemargin=-52.26999pt
* \topmargin=-89.26999pt
* \headheight=12.0pt
* \headsep=25.0pt
* \topskip=10.0pt
* \footskip=30.0pt
* \marginparwidth=65.0pt
* \marginparsep=11.0pt
* \columnsep=10.0pt
* \skip\footins=9.0pt plus 4.0pt minus 2.0pt
* \hoffset=0.0pt
* \voffset=0.0pt
* \mag=1000
* \@twocolumnfalse
* \@twosidefalse
* \@mparswitchfalse
* \@reversemarginfalse
* (1in=72.27pt=25.4mm, 1cm=28.453pt)


<ML-Coursera.pdf, id=68, 794.97pt x 614.295pt>
File: ML-Coursera.pdf Graphic file (type pdf)
 <use ML-Coursera.pdf>
Package pdftex.def Info: ML-Coursera.pdf used on input line 36.
(pdftex.def)             Requested size: 574.295pt x 443.78242pt.
 [6





 <./ML-Coursera.pdf, page is rotated 270 degrees>]
<Transcript-English.pdf, id=89, 597.23125pt x 845.1575pt>
File: Transcript-English.pdf Graphic file (type pdf)

<use Transcript-English.pdf>
Package pdftex.def Info: Transcript-English.pdf used on input line 44.
(pdftex.def)             Requested size: 597.22978pt x 845.15544pt.
File: Transcript-English.pdf Graphic file (type pdf)
 <use Transcript-English.pdf>
Package pdftex.def Info: Transcript-English.pdf used on input line 44.
(pdftex.def)             Requested size: 597.22978pt x 845.15544pt.

<Transcript-English.pdf, id=92, page=1, 597.23125pt x 845.1575pt>
File: Transcript-English.pdf Graphic file (type pdf)

<use Transcript-English.pdf, page 1>
Package pdftex.def Info: Transcript-English.pdf, page1 used on input line 44.
(pdftex.def)             Requested size: 597.22978pt x 845.15544pt.
File: Transcript-English.pdf Graphic file (type pdf)
 <use Transcript-English.pdf, page 1>
Package pdftex.def Info: Transcript-English.pdf, page1 used on input line 44.
(pdftex.def)             Requested size: 561.86221pt x 795.10587pt.
File: Transcript-English.pdf Graphic file (type pdf)

<use Transcript-English.pdf, page 1>
Package pdftex.def Info: Transcript-English.pdf, page1 used on input line 44.
(pdftex.def)             Requested size: 561.86221pt x 795.10587pt.
File: Transcript-English.pdf Graphic file (type pdf)
 <use Transcript-English.pdf, page 1>
Package pdftex.def Info: Transcript-English.pdf, page1 used on input line 44.
(pdftex.def)             Requested size: 561.86221pt x 795.10587pt.
File: Transcript-English.pdf Graphic file (type pdf)

<use Transcript-English.pdf, page 1>
Package pdftex.def Info: Transcript-English.pdf, page1 used on input line 44.
(pdftex.def)             Requested size: 561.86221pt x 795.10587pt.
 [7



 <./Transcript-English.pdf>]
<cae.pdf, id=100, 597.53236pt x 845.05714pt>
File: cae.pdf Graphic file (type pdf)
 <use cae.pdf>
Package pdftex.def Info: cae.pdf used on input line 49.
(pdftex.def)             Requested size: 597.5309pt x 845.05507pt.
File: cae.pdf Graphic file (type pdf)
 <use cae.pdf>
Package pdftex.def Info: cae.pdf used on input line 49.
(pdftex.def)             Requested size: 597.5309pt x 845.05507pt.

<cae.pdf, id=103, page=1, 597.53236pt x 845.05714pt>
File: cae.pdf Graphic file (type pdf)
 <use cae.pdf, page 1>
Package pdftex.def Info: cae.pdf, page1 used on input line 49.
(pdftex.def)             Requested size: 597.5309pt x 845.05507pt.
File: cae.pdf Graphic file (type pdf)

<use cae.pdf, page 1>
Package pdftex.def Info: cae.pdf, page1 used on input line 49.
(pdftex.def)             Requested size: 562.1455pt x 795.01144pt.
File: cae.pdf Graphic file (type pdf)
 <use cae.pdf, page 1>
Package pdftex.def Info: cae.pdf, page1 used on input line 49.
(pdftex.def)             Requested size: 562.1455pt x 795.01144pt.
File: cae.pdf Graphic file (type pdf)
 <use cae.pdf, page 1>
Package pdftex.def Info: cae.pdf, page1 used on input line 49.
(pdftex.def)             Requested size: 562.1455pt x 795.01144pt.
File: cae.pdf Graphic file (type pdf)

<use cae.pdf, page 1>
Package pdftex.def Info: cae.pdf, page1 used on input line 49.
(pdftex.def)             Requested size: 562.1455pt x 795.01144pt.
 [8

 <./cae.pdf>])
Package atveryend Info: Empty hook `BeforeClearDocument' on input line 371.
Package atveryend Info: Empty hook `AfterLastShipout' on input line 371.
 (./CV-en.aux)
Package atveryend Info: Executing hook `AtVeryEndDocument' on input line 371.
Package atveryend Info: Executing hook `AtEndAfterFileList' on input line 371.
Package rerunfilecheck Info: File `CV-en.out' has not changed.
(rerunfilecheck)             Checksum: D41D8CD98F00B204E9800998ECF8427E;0.
Package atveryend Info: Empty hook `AtVeryVeryEnd' on input line 371.
 ) 
Here is how much of TeX's memory you used:
 19633 strings out of 493029
 337369 string characters out of 6136234
 448513 words of memory out of 5000000
 22757 multiletter control sequences out of 15000+600000
 49945 words of font info for 143 fonts, out of 8000000 for 9000
 1141 hyphenation exceptions out of 8191
 39i,18n,45p,10386b,715s stack positions out of 5000i,500n,10000p,200000b,80000s
{/usr/share/texlive/texmf-dist/fonts/enc/dvips/base/8r.enc}</usr/share/texliv
e/texmf-dist/fonts/type1/public/fpl/fplbj8a.pfb></usr/share/texlive/texmf-dist/
fonts/type1/public/fpl/fplrc8a.pfb></usr/share/texlive/texmf-dist/fonts/type1/p
ublic/fpl/fplrij8a.pfb></usr/share/texlive/texmf-dist/fonts/type1/urw/palatino/
uplb8a.pfb></usr/share/texlive/texmf-dist/fonts/type1/urw/palatino/uplbi8a.pfb>
</usr/share/texlive/texmf-dist/fonts/type1/urw/palatino/uplr8a.pfb></usr/share/
texlive/texmf-dist/fonts/type1/urw/palatino/uplri8a.pfb>
Output written on CV-en.pdf (8 pages, 5379152 bytes).
PDF statistics:
 145 PDF objects out of 1000 (max. 8388607)
 107 compressed objects within 2 object streams
 30 named destinations out of 1000 (max. 500000)
 44088 words of extra memory for PDF output out of 51595 (max. 10000000)

